<?xml version="1.0" encoding="UTF-8"?>
<!-- Generated by org.testng.reporters.JUnitXMLReporter -->
<testsuite ignored="0" hostname="Grace" failures="0" tests="6" name="Surefire test" time="0.085" errors="0" timestamp="2021-09-06T19:45:55 GMT-05:00">
  <testcase classname="qaclickacademy.mavenjava.ApiumTest" name="IOSApps" time="0.005"/>
  <testcase classname="qaclickacademy.mavenjava.ApiumTest" name="nativeAppAndroid" time="0.001"/>
  <testcase classname="qaclickacademy.mavenjava.RESTAPTITest" name="deleteTwitter" time="0.001"/>
  <testcase classname="qaclickacademy.mavenjava.RESTAPTITest" name="postJira" time="0.0"/>
  <testcase classname="qaclickacademy.mavenjava.SeleniumTest" name="browserAutomation" time="0.0"/>
  <testcase classname="qaclickacademy.mavenjava.SeleniumTest" name="elementUI" time="0.0"/>
</testsuite> <!-- Surefire test -->
