<?xml version="1.0" encoding="UTF-8"?>
<!-- Generated by org.testng.reporters.JUnitXMLReporter -->
<testsuite ignored="1" hostname="Grace" failures="0" tests="1" name="Default test" time="0.078" errors="0" timestamp="2021-09-06T18:24:06 GMT-05:00">
  <testcase classname="qaclickacademy.mavenjava.RESTAPTITest" name="deleteTwitter" time="0.019"/>
  <testcase classname="qaclickacademy.mavenjava.RESTAPTITest" name="postJira" time="0.0">
    <ignored/>
  </testcase> <!-- postJira -->
</testsuite> <!-- Default test -->
