<?xml version="1.0" encoding="UTF-8"?>
<!-- Generated by org.testng.reporters.JUnitXMLReporter -->
<testsuite ignored="0" hostname="Grace" failures="0" tests="4" name="Test" time="0.057" errors="0" timestamp="2021-09-06T20:44:35 GMT-05:00">
  <testcase classname="qaclickacademy.mavenjava.SeleniumTest" name="browserAutomation" time="0.006"/>
  <testcase classname="qaclickacademy.mavenjava.SeleniumTest" name="elementUI" time="0.0"/>
  <testcase classname="qaclickacademy.mavenjava.ApiumTest" name="IOSApps" time="0.0"/>
  <testcase classname="qaclickacademy.mavenjava.ApiumTest" name="nativeAppAndroid" time="0.0"/>
</testsuite> <!-- Test -->
