<?xml version="1.0" encoding="UTF-8"?>
<testng-results ignored="0" total="4" passed="4" failed="0" skipped="0">
  <reporter-output>
  </reporter-output>
  <suite started-at="2021-09-06T20:44:34 GMT-05:00" name="Suite" finished-at="2021-09-06T20:44:34 GMT-05:00" duration-ms="57">
    <groups>
    </groups>
    <test started-at="2021-09-06T20:44:34 GMT-05:00" name="Test" finished-at="2021-09-06T20:44:34 GMT-05:00" duration-ms="57">
      <class name="qaclickacademy.mavenjava.SeleniumTest">
        <test-method signature="browserAutomation()[pri:0, instance:qaclickacademy.mavenjava.SeleniumTest@45018215]" started-at="2021-09-06T20:44:34 GMT-05:00" name="browserAutomation" finished-at="2021-09-06T20:44:34 GMT-05:00" duration-ms="6" status="PASS">
          <reporter-output>
          </reporter-output>
        </test-method> <!-- browserAutomation -->
        <test-method signature="elementUI()[pri:0, instance:qaclickacademy.mavenjava.SeleniumTest@45018215]" started-at="2021-09-06T20:44:34 GMT-05:00" name="elementUI" finished-at="2021-09-06T20:44:34 GMT-05:00" duration-ms="0" status="PASS">
          <reporter-output>
          </reporter-output>
        </test-method> <!-- elementUI -->
      </class> <!-- qaclickacademy.mavenjava.SeleniumTest -->
      <class name="qaclickacademy.mavenjava.ApiumTest">
        <test-method signature="IOSApps()[pri:0, instance:qaclickacademy.mavenjava.ApiumTest@309e345f]" started-at="2021-09-06T20:44:34 GMT-05:00" name="IOSApps" finished-at="2021-09-06T20:44:34 GMT-05:00" duration-ms="0" status="PASS">
          <reporter-output>
          </reporter-output>
        </test-method> <!-- IOSApps -->
        <test-method signature="nativeAppAndroid()[pri:0, instance:qaclickacademy.mavenjava.ApiumTest@309e345f]" started-at="2021-09-06T20:44:34 GMT-05:00" name="nativeAppAndroid" finished-at="2021-09-06T20:44:34 GMT-05:00" duration-ms="0" status="PASS">
          <reporter-output>
          </reporter-output>
        </test-method> <!-- nativeAppAndroid -->
      </class> <!-- qaclickacademy.mavenjava.ApiumTest -->
    </test> <!-- Test -->
  </suite> <!-- Suite -->
</testng-results>
