<?xml version="1.0" encoding="UTF-8"?>
<testng-results ignored="1" total="2" passed="1" failed="0" skipped="0">
  <reporter-output>
  </reporter-output>
  <suite started-at="2021-09-06T18:24:05 GMT-05:00" name="Default suite" finished-at="2021-09-06T18:24:06 GMT-05:00" duration-ms="78">
    <groups>
    </groups>
    <test started-at="2021-09-06T18:24:05 GMT-05:00" name="Default test" finished-at="2021-09-06T18:24:06 GMT-05:00" duration-ms="78">
      <class name="qaclickacademy.mavenjava.RESTAPTITest">
        <test-method signature="deleteTwitter()[pri:0, instance:qaclickacademy.mavenjava.RESTAPTITest@49dc7102]" started-at="2021-09-06T18:24:05 GMT-05:00" name="deleteTwitter" finished-at="2021-09-06T18:24:05 GMT-05:00" duration-ms="19" status="PASS">
          <reporter-output>
          </reporter-output>
        </test-method> <!-- deleteTwitter -->
      </class> <!-- qaclickacademy.mavenjava.RESTAPTITest -->
    </test> <!-- Default test -->
  </suite> <!-- Default suite -->
</testng-results>
